[DEBUG] 09-12-2021 15:02:51 - BACKTRACE STARTS ----------------
[DEBUG] 09-12-2021 15:02:51 - 
[DEBUG] 09-12-2021 15:02:51 - BACKTRACE ENDS -------------------
[DEBUG] 09-12-2021 15:02:52 - BACKTRACE STARTS ----------------
[DEBUG] 09-12-2021 15:02:52 - 
[DEBUG] 09-12-2021 15:02:52 - BACKTRACE ENDS -------------------
[DEBUG] 09-12-2021 15:03:14 - BACKTRACE STARTS ----------------
[DEBUG] 09-12-2021 15:03:34 - BACKTRACE STARTS ----------------
[DEBUG] 09-12-2021 15:03:34 - Array
(
    [file] => C:\xampp\htdocs\Bee-Framework\app\classes\Bee.php
    [line] => 410
    [function] => backtrace
    [args] => Array
        (
        )

)

[DEBUG] 09-12-2021 15:03:34 - BACKTRACE ENDS -------------------
[DEBUG] 09-12-2021 15:03:35 - BACKTRACE STARTS ----------------
[DEBUG] 09-12-2021 15:03:35 - Array
(
    [file] => C:\xampp\htdocs\Bee-Framework\app\classes\Bee.php
    [line] => 410
    [function] => backtrace
    [args] => Array
        (
        )

)

[DEBUG] 09-12-2021 15:03:35 - BACKTRACE ENDS -------------------
